0 info it worked if it ends with ok
1 verbose cli [ 'C:\\Program Files\\nodejs\\node.exe',
1 verbose cli   'C:\\Users\\java\\AppData\\Roaming\\npm\\node_modules\\npm\\bin\\npm-cli.js',
1 verbose cli   'start' ]
2 info using npm@3.10.10
3 info using node@v6.9.1
4 verbose run-script [ 'prestart', 'start', 'poststart' ]
5 info lifecycle webserver@1.0.0~prestart: webserver@1.0.0
6 silly lifecycle webserver@1.0.0~prestart: no script for prestart, continuing
7 info lifecycle webserver@1.0.0~start: webserver@1.0.0
8 verbose lifecycle webserver@1.0.0~start: unsafe-perm in lifecycle true
9 verbose lifecycle webserver@1.0.0~start: PATH: C:\Users\java\AppData\Roaming\npm\node_modules\npm\bin\node-gyp-bin;D:\05_Homework\webserver\node_modules\.bin;C:\app\oracle\product\12.1.0\dbhome_1\bin;C:\Python27\;C:\Python27\Scripts;C:\Program Files\spring-1.4.1.RELEASE\bin;C:\Users\java\AppData\Local\Android\sdk\tools;C:\Users\java\AppData\Local\Android\sdk\platform-tools;C:\Program Files\Java\jdk1.8.0_101\bin;C:\ProgramData\Oracle\Java\javapath;C:\Windows\system32;C:\Windows;C:\Windows\System32\Wbem;C:\Windows\System32\WindowsPowerShell\v1.0\;C:\Program Files\Git\cmd;C:\Program Files\Git\mingw64\bin;C:\Program Files\Git\usr\bin;C:\Program Files\Microsoft SQL Server\130\Tools\Binn\;C:\Program Files (x86)\Windows Kits\10\Windows Performance Toolkit\;C:\Program Files\Microsoft SQL Server\110\Tools\Binn\;C:\Program Files (x86)\Microsoft SDKs\TypeScript\1.0\;C:\Program Files\Microsoft SQL Server\120\Tools\Binn\;C:\Program Files\nodejs\;C:\Program Files (x86)\Microsoft VS Code\bin;C:\Program Files (x86)\Microsoft Office\Office12;C:\Users\java\AppData\Roaming\npm
10 verbose lifecycle webserver@1.0.0~start: CWD: D:\05_Homework\webserver
11 silly lifecycle webserver@1.0.0~start: Args: [ '/d /s /c', 'mvnw spring-boot:run' ]
12 silly lifecycle webserver@1.0.0~start: Returned: code: 3221225786  signal: null
13 info lifecycle webserver@1.0.0~start: Failed to exec start script
14 verbose stack Error: webserver@1.0.0 start: `mvnw spring-boot:run`
14 verbose stack Exit status 3221225786
14 verbose stack     at EventEmitter.<anonymous> (C:\Users\java\AppData\Roaming\npm\node_modules\npm\lib\utils\lifecycle.js:255:16)
14 verbose stack     at emitTwo (events.js:106:13)
14 verbose stack     at EventEmitter.emit (events.js:191:7)
14 verbose stack     at ChildProcess.<anonymous> (C:\Users\java\AppData\Roaming\npm\node_modules\npm\lib\utils\spawn.js:40:14)
14 verbose stack     at emitTwo (events.js:106:13)
14 verbose stack     at ChildProcess.emit (events.js:191:7)
14 verbose stack     at maybeClose (internal/child_process.js:877:16)
14 verbose stack     at Process.ChildProcess._handle.onexit (internal/child_process.js:226:5)
15 verbose pkgid webserver@1.0.0
16 verbose cwd D:\05_Homework\webserver
17 error Windows_NT 6.1.7601
18 error argv "C:\\Program Files\\nodejs\\node.exe" "C:\\Users\\java\\AppData\\Roaming\\npm\\node_modules\\npm\\bin\\npm-cli.js" "start"
19 error node v6.9.1
20 error npm  v3.10.10
21 error code ELIFECYCLE
22 error webserver@1.0.0 start: `mvnw spring-boot:run`
22 error Exit status 3221225786
23 error Failed at the webserver@1.0.0 start script 'mvnw spring-boot:run'.
23 error Make sure you have the latest version of node.js and npm installed.
23 error If you do, this is most likely a problem with the webserver package,
23 error not with npm itself.
23 error Tell the author that this fails on your system:
23 error     mvnw spring-boot:run
23 error You can get information on how to open an issue for this project with:
23 error     npm bugs webserver
23 error Or if that isn't available, you can get their info via:
23 error     npm owner ls webserver
23 error There is likely additional logging output above.
24 verbose exit [ 1, true ]
